<?xml version="1.0" encoding="UTF-8"?>
<!-- Generated by org.testng.reporters.JUnitReportReporter -->
<testsuite hostname="PRDAS2022" failures="0" tests="4" name="com.qa.Volante.TestNGDemoTest" time="0.009" errors="0" timestamp="2023-01-24T12:04:42 IST" skipped="0">
  <testcase classname="com.qa.Volante.TestNGDemoTest" name="f3" time="0.007"/>
  <system-out/>
  <testcase classname="com.qa.Volante.TestNGDemoTest" name="f1" time="0.001"/>
  <system-out/>
  <testcase classname="com.qa.Volante.TestNGDemoTest" name="f2" time="0.001"/>
  <system-out/>
  <testcase classname="com.qa.Volante.TestNGDemoTest" name="f4" time="0.000"/>
  <system-out/>
</testsuite> <!-- com.qa.Volante.TestNGDemoTest -->
