<?xml version="1.0" encoding="UTF-8"?>
<!-- Generated by org.testng.reporters.JUnitReportReporter -->
<testsuite hostname="PRDAS2022" failures="0" tests="3" name="com.qa.Volante.DataProviderTest" time="0.012" errors="0" timestamp="2023-01-24T10:56:58 IST" skipped="0">
  <testcase classname="com.qa.Volante.DataProviderTest" name="testcase" time="0.001"/>
  <system-out/>
  <testcase classname="com.qa.Volante.DataProviderTest" name="testcase" time="0.010"/>
  <system-out/>
  <testcase classname="com.qa.Volante.DataProviderTest" name="testcase" time="0.001"/>
  <system-out/>
</testsuite> <!-- com.qa.Volante.DataProviderTest -->
